# JRE version: OpenJDK Runtime Environment (8.0_152-b02) (build 1.8.0_152-release-1024-b02)
# Java VM: OpenJDK 64-Bit Server VM (25.152-b02 mixed mode windows-amd64 compressed oops)
Heap:
 PSYoungGen      total 252416K, used 97521K [0x00000000e0000000, 0x00000000f2a00000, 0x0000000100000000)
  eden space 208896K, 31% used [0x00000000e0000000,0x00000000e3ff3230,0x00000000ecc00000)
  from space 43520K, 73% used [0x00000000eff80000,0x00000000f1ec9440,0x00000000f2a00000)
  to   space 48128K, 0% used [0x00000000ecc00000,0x00000000ecc00000,0x00000000efb00000)
 ParOldGen       total 209920K, used 142334K [0x00000000a0000000, 0x00000000acd00000, 0x00000000e0000000)
  object space 209920K, 67% used [0x00000000a0000000,0x00000000a8affb50,0x00000000acd00000)
 Metaspace       used 83878K, capacity 89156K, committed 89216K, reserved 1126400K
  class space    used 10478K, capacity 11385K, committed 11392K, reserved 1048576K
GC Heap History (10 events):
Event: 4151.297 GC heap before
{Heap before GC invocations=36 (full 4):
 PSYoungGen      total 269312K, used 269255K [0x00000000e0000000, 0x00000000f5180000, 0x0000000100000000)
  eden space 249344K, 100% used [0x00000000e0000000,0x00000000ef380000,0x00000000ef380000)
  from space 19968K, 99% used [0x00000000f2480000,0x00000000f37f1c50,0x00000000f3800000)
  to   space 26112K, 0% used [0x00000000f3800000,0x00000000f3800000,0x00000000f5180000)
 ParOldGen       total 209920K, used 102965K [0x00000000a0000000, 0x00000000acd00000, 0x00000000e0000000)
  object space 209920K, 49% used [0x00000000a0000000,0x00000000a648d5d8,0x00000000acd00000)
 Metaspace       used 83447K, capacity 88672K, committed 88704K, reserved 1126400K
  class space    used 10468K, capacity 11375K, committed 11392K, reserved 1048576K
Event: 4151.326 GC heap after
Heap after GC invocations=36 (full 4):
 PSYoungGen      total 248320K, used 7392K [0x00000000e0000000, 0x00000000f3f80000, 0x0000000100000000)
  eden space 240640K, 0% used [0x00000000e0000000,0x00000000e0000000,0x00000000eeb00000)
  from space 7680K, 96% used [0x00000000f3800000,0x00000000f3f38020,0x00000000f3f80000)
  to   space 28672K, 0% used [0x00000000f0780000,0x00000000f0780000,0x00000000f2380000)
 ParOldGen       total 209920K, used 102973K [0x00000000a0000000, 0x00000000acd00000, 0x00000000e0000000)
  object space 209920K, 49% used [0x00000000a0000000,0x00000000a648f5d8,0x00000000acd00000)
 Metaspace       used 83447K, capacity 88672K, committed 88704K, reserved 1126400K
  class space    used 10468K, capacity 11375K, committed 11392K, reserved 1048576K
}
Event: 4162.634 GC heap before
{Heap before GC invocations=37 (full 4):
 PSYoungGen      total 248320K, used 248032K [0x00000000e0000000, 0x00000000f3f80000, 0x0000000100000000)
  eden space 240640K, 100% used [0x00000000e0000000,0x00000000eeb00000,0x00000000eeb00000)
  from space 7680K, 96% used [0x00000000f3800000,0x00000000f3f38020,0x00000000f3f80000)
  to   space 28672K, 0% used [0x00000000f0780000,0x00000000f0780000,0x00000000f2380000)
 ParOldGen       total 209920K, used 102973K [0x00000000a0000000, 0x00000000acd00000, 0x00000000e0000000)
  object space 209920K, 49% used [0x00000000a0000000,0x00000000a648f5d8,0x00000000acd00000)
 Metaspace       used 83542K, capacity 88752K, committed 88960K, reserved 1126400K
  class space    used 10468K, capacity 11375K, committed 11392K, reserved 1048576K
Event: 4162.759 GC heap after
Heap after GC invocations=37 (full 4):
 PSYoungGen      total 260608K, used 28661K [0x00000000e0000000, 0x00000000f3880000, 0x0000000100000000)
  eden space 231936K, 0% used [0x00000000e0000000,0x00000000e0000000,0x00000000ee280000)
  from space 28672K, 99% used [0x00000000f0780000,0x00000000f237d770,0x00000000f2380000)
  to   space 21504K, 0% used [0x00000000f2380000,0x00000000f2380000,0x00000000f3880000)
 ParOldGen       total 209920K, used 128830K [0x00000000a0000000, 0x00000000acd00000, 0x00000000e0000000)
  object space 209920K, 61% used [0x00000000a0000000,0x00000000a7dcfaf8,0x00000000acd00000)
 Metaspace       used 83542K, capacity 88752K, committed 88960K, reserved 1126400K
  class space    used 10468K, capacity 11375K, committed 11392K, reserved 1048576K
}
Event: 4262.857 GC heap before
{Heap before GC invocations=38 (full 4):
 PSYoungGen      total 260608K, used 260597K [0x00000000e0000000, 0x00000000f3880000, 0x0000000100000000)
  eden space 231936K, 100% used [0x00000000e0000000,0x00000000ee280000,0x00000000ee280000)
  from space 28672K, 99% used [0x00000000f0780000,0x00000000f237d770,0x00000000f2380000)
  to   space 21504K, 0% used [0x00000000f2380000,0x00000000f2380000,0x00000000f3880000)
 ParOldGen       total 209920K, used 128830K [0x00000000a0000000, 0x00000000acd00000, 0x00000000e0000000)
  object space 209920K, 61% used [0x00000000a0000000,0x00000000a7dcfaf8,0x00000000acd00000)
 Metaspace       used 83608K, capacity 88808K, committed 88960K, reserved 1126400K
  class space    used 10473K, capacity 11383K, committed 11392K, reserved 1048576K
Event: 4262.956 GC heap after
Heap after GC invocations=38 (full 4):
 PSYoungGen      total 245248K, used 21502K [0x00000000e0000000, 0x00000000f3880000, 0x0000000100000000)
  eden space 223744K, 0% used [0x00000000e0000000,0x00000000e0000000,0x00000000eda80000)
  from space 21504K, 99% used [0x00000000f2380000,0x00000000f387faa0,0x00000000f3880000)
  to   space 47104K, 0% used [0x00000000edc80000,0x00000000edc80000,0x00000000f0a80000)
 ParOldGen       total 209920K, used 142278K [0x00000000a0000000, 0x00000000acd00000, 0x00000000e0000000)
  object space 209920K, 67% used [0x00000000a0000000,0x00000000a8af1b50,0x00000000acd00000)
 Metaspace       used 83608K, capacity 88808K, committed 88960K, reserved 1126400K
  class space    used 10473K, capacity 11383K, committed 11392K, reserved 1048576K
}
Event: 4536.353 GC heap before
{Heap before GC invocations=39 (full 4):
 PSYoungGen      total 245248K, used 245246K [0x00000000e0000000, 0x00000000f3880000, 0x0000000100000000)
  eden space 223744K, 100% used [0x00000000e0000000,0x00000000eda80000,0x00000000eda80000)
  from space 21504K, 99% used [0x00000000f2380000,0x00000000f387faa0,0x00000000f3880000)
  to   space 47104K, 0% used [0x00000000edc80000,0x00000000edc80000,0x00000000f0a80000)
 ParOldGen       total 209920K, used 142278K [0x00000000a0000000, 0x00000000acd00000, 0x00000000e0000000)
  object space 209920K, 67% used [0x00000000a0000000,0x00000000a8af1b50,0x00000000acd00000)
 Metaspace       used 83703K, capacity 88936K, committed 88960K, reserved 1126400K
  class space    used 10473K, capacity 11383K, committed 11392K, reserved 1048576K
Event: 4536.419 GC heap after
Heap after GC invocations=39 (full 4):
 PSYoungGen      total 239104K, used 22624K [0x00000000e0000000, 0x00000000f2c00000, 0x0000000100000000)
  eden space 216064K, 0% used [0x00000000e0000000,0x00000000e0000000,0x00000000ed300000)
  from space 23040K, 98% used [0x00000000edc80000,0x00000000ef2981a8,0x00000000ef300000)
  to   space 45568K, 0% used [0x00000000eff80000,0x00000000eff80000,0x00000000f2c00000)
 ParOldGen       total 209920K, used 142326K [0x00000000a0000000, 0x00000000acd00000, 0x00000000e0000000)
  object space 209920K, 67% used [0x00000000a0000000,0x00000000a8afdb50,0x00000000acd00000)
 Metaspace       used 83703K, capacity 88936K, committed 88960K, reserved 1126400K
  class space    used 10473K, capacity 11383K, committed 11392K, reserved 1048576K
}
Event: 4570.728 GC heap before
{Heap before GC invocations=40 (full 4):
 PSYoungGen      total 239104K, used 238688K [0x00000000e0000000, 0x00000000f2c00000, 0x0000000100000000)
  eden space 216064K, 100% used [0x00000000e0000000,0x00000000ed300000,0x00000000ed300000)
  from space 23040K, 98% used [0x00000000edc80000,0x00000000ef2981a8,0x00000000ef300000)
  to   space 45568K, 0% used [0x00000000eff80000,0x00000000eff80000,0x00000000f2c00000)
 ParOldGen       total 209920K, used 142326K [0x00000000a0000000, 0x00000000acd00000, 0x00000000e0000000)
  object space 209920K, 67% used [0x00000000a0000000,0x00000000a8afdb50,0x00000000acd00000)
 Metaspace       used 83780K, capacity 89080K, committed 89216K, reserved 1126400K
  class space    used 10478K, capacity 11385K, committed 11392K, reserved 1048576K
Event: 4570.837 GC heap after
Heap after GC invocations=40 (full 4):
 PSYoungGen      total 252416K, used 32037K [0x00000000e0000000, 0x00000000f2a00000, 0x0000000100000000)
  eden space 208896K, 0% used [0x00000000e0000000,0x00000000e0000000,0x00000000ecc00000)
  from space 43520K, 73% used [0x00000000eff80000,0x00000000f1ec9440,0x00000000f2a00000)
  to   space 48128K, 0% used [0x00000000ecc00000,0x00000000ecc00000,0x00000000efb00000)
 ParOldGen       total 209920K, used 142334K [0x00000000a0000000, 0x00000000acd00000, 0x00000000e0000000)
  object space 209920K, 67% used [0x00000000a0000000,0x00000000a8affb50,0x00000000acd00000)
 Metaspace       used 83780K, capacity 89080K, committed 89216K, reserved 1126400K
  class space    used 10478K, capacity 11385K, committed 11392K, reserved 1048576K
}

